[debug] [2025-07-26T11:09:34.953Z] ----------------------------------------------------------------------
[debug] [2025-07-26T11:09:34.972Z] Command:       C:\Program Files\nodejs\node.exe C:\Users\PC  DELL I 3\AppData\Roaming\npm\node_modules\firebase-tools\lib\bin\firebase.js deploy
[debug] [2025-07-26T11:09:34.976Z] CLI Version:   14.11.1
[debug] [2025-07-26T11:09:34.977Z] Platform:      win32
[debug] [2025-07-26T11:09:34.978Z] Node Version:  v20.11.0
[debug] [2025-07-26T11:09:34.980Z] Time:          Sat Jul 26 2025 12:09:34 GMT+0100 (GMT+01:00)
[debug] [2025-07-26T11:09:34.981Z] ----------------------------------------------------------------------
[debug] 
[debug] [2025-07-26T11:09:36.904Z] > command requires scopes: ["email","openid","https://www.googleapis.com/auth/cloudplatformprojects.readonly","https://www.googleapis.com/auth/firebase","https://www.googleapis.com/auth/cloud-platform"]
[debug] [2025-07-26T11:09:36.907Z] > authorizing via signed-in user (ni3yyn@gmail.com)
[debug] [2025-07-26T11:09:36.908Z] [iam] checking project oilmatch-1aa9c for permissions ["firebase.projects.get","firebasehosting.sites.update"]
[debug] [2025-07-26T11:09:36.915Z] Checked if tokens are valid: false, expires at: 1753488700044
[debug] [2025-07-26T11:09:36.916Z] Checked if tokens are valid: false, expires at: 1753488700044
[debug] [2025-07-26T11:09:36.918Z] > refreshing access token with scopes: []
[debug] [2025-07-26T11:09:36.929Z] >>> [apiv2][query] POST https://www.googleapis.com/oauth2/v3/token [none]
[debug] [2025-07-26T11:09:36.930Z] >>> [apiv2][body] POST https://www.googleapis.com/oauth2/v3/token [omitted]
[debug] [2025-07-26T11:09:37.282Z] *** [apiv2] error from fetch(https://www.googleapis.com/oauth2/v3/token, {"headers":{},"method":"POST","body":{"_overheadLength":545,"_valueLength":212,"_valuesToMeasure":[],"writable":false,"readable":true,"dataSize":0,"maxDataSize":2097152,"pauseStreams":true,"_released":true,"_streams":[],"_currentStream":null,"_insideLoop":false,"_pendingNext":false,"_boundary":"--------------------------7a5b4997bf06222b3b4938bc","_events":{},"_eventsCount":1}}): FetchError: request to https://www.googleapis.com/oauth2/v3/token failed, reason: getaddrinfo ENOTFOUND www.googleapis.com
[error] Authentication Error: Your credentials are no longer valid. Please run firebase login --reauth

For CI servers and headless environments, generate a new token with firebase login:ci
[debug] [2025-07-26T11:09:37.293Z] [iam] error while checking permissions, command may fail: Authentication Error: Your credentials are no longer valid. Please run firebase login --reauth

For CI servers and headless environments, generate a new token with firebase login:ci
[debug] [2025-07-26T11:09:37.296Z] Checked if tokens are valid: false, expires at: 1753488700044
[debug] [2025-07-26T11:09:37.296Z] Checked if tokens are valid: false, expires at: 1753488700044
[debug] [2025-07-26T11:09:37.297Z] > refreshing access token with scopes: []
[debug] [2025-07-26T11:09:37.300Z] >>> [apiv2][query] POST https://www.googleapis.com/oauth2/v3/token [none]
[debug] [2025-07-26T11:09:37.300Z] >>> [apiv2][body] POST https://www.googleapis.com/oauth2/v3/token [omitted]
[debug] [2025-07-26T11:09:37.378Z] *** [apiv2] error from fetch(https://www.googleapis.com/oauth2/v3/token, {"headers":{},"method":"POST","body":{"_overheadLength":545,"_valueLength":212,"_valuesToMeasure":[],"writable":false,"readable":true,"dataSize":0,"maxDataSize":2097152,"pauseStreams":true,"_released":true,"_streams":[],"_currentStream":null,"_insideLoop":false,"_pendingNext":false,"_boundary":"--------------------------69d63b204a34cf47ddbab276","_events":{},"_eventsCount":1}}): FetchError: request to https://www.googleapis.com/oauth2/v3/token failed, reason: getaddrinfo ENOTFOUND www.googleapis.com
[error] Authentication Error: Your credentials are no longer valid. Please run firebase login --reauth

For CI servers and headless environments, generate a new token with firebase login:ci
[debug] [2025-07-26T11:09:37.384Z] Authentication Error: Your credentials are no longer valid. Please run firebase login --reauth

For CI servers and headless environments, generate a new token with firebase login:ci
[error] 
[error] Error: Assertion failed: resolving hosting target of a site with no site name or target name. This should have caused an error earlier
